[2026-01-22T14:54:54.070Z] MAILER LOADED. Config: User=dakshm.noreply@gmail.com
[2026-01-22T14:54:55.186Z] MAILER LOADED. Config: User=dakshm.noreply@gmail.com
[2026-01-22T14:55:01.705Z] Delete User Request: 697236e27b59c805233a2470 by Admin 68e5f79a259e85b3fa899300 (Org: 68e5f79b259e85b3fa899302)
[2026-01-22T14:55:01.706Z] Target User Org: 68e5f79b259e85b3fa899302
[2026-01-22T14:55:01.754Z] User Deleted: 697236e27b59c805233a2470. Attendance removed: 0, TimeSheets removed: 0
[2026-01-22T14:55:48.432Z] MAILER LOADED. Config: User=dakshm.noreply@gmail.com
[2026-01-22T14:55:49.679Z] MAILER LOADED. Config: User=dakshm.noreply@gmail.com
[2026-01-22T14:56:30.661Z] Delete User Request: 697236977b59c805233a2454 by Admin 68e5f79a259e85b3fa899300 (Org: 68e5f79b259e85b3fa899302)
[2026-01-22T14:56:30.662Z] Target User Org: 68e5f79b259e85b3fa899302
[2026-01-22T14:56:30.715Z] Cache invalidated for /admin/allusers, /admin/dashboard, /admin/singleUser/697236977b59c805233a2454
[2026-01-22T14:56:30.716Z] User Deleted: 697236977b59c805233a2454. Attendance removed: 0, TimeSheets removed: 0
[2026-01-22T14:57:06.081Z] Attempting to send mail to: dakshmiyani9@gmail.com
[2026-01-22T14:57:09.800Z] Message sent: <62a90056-cb7f-7120-8b3a-9e3d44ca577d@gmail.com>
[2026-01-22T14:58:49.596Z] Delete User Request: 69723ac1cfa6ce95163263bc by Admin 68e5f79a259e85b3fa899300 (Org: 68e5f79b259e85b3fa899302)
[2026-01-22T14:58:49.597Z] Target User Org: 68e5f79b259e85b3fa899302
[2026-01-22T14:58:49.644Z] Cache invalidated for /admin/allusers, /admin/dashboard, /admin/singleUser/69723ac1cfa6ce95163263bc
[2026-01-22T14:58:49.645Z] User Deleted: 69723ac1cfa6ce95163263bc. Attendance removed: 0, TimeSheets removed: 0
[2026-01-22T14:59:02.436Z] MAILER LOADED. Config: User=dakshm.noreply@gmail.com
[2026-01-22T14:59:44.637Z] MAILER LOADED. Config: User=dakshm.noreply@gmail.com
[2026-01-22T14:59:53.840Z] MAILER LOADED. Config: User=dakshm.noreply@gmail.com
[2026-01-22T15:00:47.052Z] Attempting to send mail to: dakshmiyani9@gmail.com
[2026-01-22T15:00:51.145Z] Message sent: <22089438-8f62-66c7-4dfa-079071017940@gmail.com>
[2026-01-22T15:02:44.595Z] Attempting to send mail to: dakshmiyaniofc@gmail.com
[2026-01-22T15:02:48.504Z] Message sent: <b933971d-9105-6d29-cb4a-26dae6db487e@gmail.com>
[2026-01-22T15:04:16.091Z] Delete User Request: 69723b9eb827d4b12b1ba3ea by Admin 68e5f79a259e85b3fa899300 (Org: 68e5f79b259e85b3fa899302)
[2026-01-22T15:04:16.091Z] Target User Org: 68e5f79b259e85b3fa899302
[2026-01-22T15:04:16.137Z] Cache invalidated for /admin/allusers, /admin/dashboard, /admin/singleUser/69723b9eb827d4b12b1ba3ea
[2026-01-22T15:04:16.137Z] User Deleted: 69723b9eb827d4b12b1ba3ea. Attendance removed: 0, TimeSheets removed: 0
[2026-01-22T15:04:20.249Z] Delete User Request: 69723c14b827d4b12b1ba43f by Admin 68e5f79a259e85b3fa899300 (Org: 68e5f79b259e85b3fa899302)
[2026-01-22T15:04:20.249Z] Target User Org: 68e5f79b259e85b3fa899302
[2026-01-22T15:04:20.295Z] Cache invalidated for /admin/allusers, /admin/dashboard, /admin/singleUser/69723c14b827d4b12b1ba43f
[2026-01-22T15:04:20.295Z] User Deleted: 69723c14b827d4b12b1ba43f. Attendance removed: 0, TimeSheets removed: 0
[2026-01-22T15:04:32.036Z] Attempting to send mail to: dakshmiyaniofc@gmail.com
[2026-01-22T15:04:35.651Z] Message sent: <7de0515b-6004-1204-d120-cc417e28cd75@gmail.com>
[2026-01-22T15:08:14.397Z] Delete User Request: 69723c7fb827d4b12b1ba4c9 by Admin 68e5f79a259e85b3fa899300 (Org: 68e5f79b259e85b3fa899302)
[2026-01-22T15:08:14.399Z] Target User Org: 68e5f79b259e85b3fa899302
[2026-01-22T15:08:14.447Z] Cache invalidated for /admin/allusers, /admin/dashboard, /admin/singleUser/69723c7fb827d4b12b1ba4c9
[2026-01-22T15:08:14.448Z] User Deleted: 69723c7fb827d4b12b1ba4c9. Attendance removed: 0, TimeSheets removed: 0
[2026-01-22T15:08:28.144Z] Attempting to send mail to: dakshmiyaniofc@gmail.com
[2026-01-22T15:08:31.701Z] Message sent: <46d89080-51c7-36a9-8987-83c8c71809ae@gmail.com>
[2026-01-22T15:10:46.588Z] MAILER LOADED. Config: User=dakshm.noreply@gmail.com
[2026-01-22T15:10:48.341Z] MAILER LOADED. Config: User=dakshm.noreply@gmail.com
[2026-01-22T15:13:03.873Z] MAILER LOADED. Config: User=dakshm.noreply@gmail.com
[2026-01-22T15:13:35.819Z] MAILER LOADED. Config: User=dakshm.noreply@gmail.com
[2026-01-22T15:13:42.424Z] Delete User Request: 69723d6cb827d4b12b1ba688 by Admin 68e5f79a259e85b3fa899300 (Org: 68e5f79b259e85b3fa899302)
[2026-01-22T15:13:42.425Z] Target User Org: 68e5f79b259e85b3fa899302
[2026-01-22T15:13:42.470Z] Cache invalidated for /admin/allusers, /admin/dashboard, /admin/singleUser/69723d6cb827d4b12b1ba688
[2026-01-22T15:13:42.470Z] User Deleted: 69723d6cb827d4b12b1ba688. Attendance removed: 0, TimeSheets removed: 0
[2026-01-22T15:13:58.026Z] Attempting to send mail to: dakshmiyaniofc@gmail.com
[2026-01-22T15:14:01.421Z] Message sent: <485e3a43-98c3-87fd-b465-7f14831a3642@gmail.com>
[2026-01-22T15:18:28.843Z] Delete User Request: 69723eb50bd9e910655062a6 by Admin 68e5f79a259e85b3fa899300 (Org: 68e5f79b259e85b3fa899302)
[2026-01-22T15:18:28.844Z] Target User Org: 68e5f79b259e85b3fa899302
[2026-01-22T15:18:28.896Z] Cache invalidated for /admin/allusers, /admin/dashboard, /admin/singleUser/69723eb50bd9e910655062a6
[2026-01-22T15:18:28.896Z] User Deleted: 69723eb50bd9e910655062a6. Attendance removed: 0, TimeSheets removed: 0
[2026-01-22T15:19:56.597Z] Attempting to send mail to: dakshmiyaniofc@gmail.com
[2026-01-22T15:19:59.839Z] Message sent: <ca83f282-8662-a46e-01fc-30244c67f085@gmail.com>
[2026-01-22T15:19:59.951Z] Attempting to send mail to: dakshmiyani9@gmail.com
[2026-01-22T15:20:03.307Z] Message sent: <bd9331c0-0e2d-84db-588f-a9da93cdceaf@gmail.com>
[2026-01-22T15:23:36.238Z] Delete User Request: 6972401f0bd9e910655063d7 by Admin 68e5f79a259e85b3fa899300 (Org: 68e5f79b259e85b3fa899302)
[2026-01-22T15:23:36.240Z] Target User Org: 68e5f79b259e85b3fa899302
[2026-01-22T15:23:36.284Z] Cache invalidated for /admin/allusers, /admin/dashboard, /admin/singleUser/6972401f0bd9e910655063d7
[2026-01-22T15:23:36.285Z] User Deleted: 6972401f0bd9e910655063d7. Attendance removed: 0, TimeSheets removed: 0
[2026-01-22T15:23:53.680Z] Delete User Request: 6972401c0bd9e910655063d4 by Admin 68e5f79a259e85b3fa899300 (Org: 68e5f79b259e85b3fa899302)
[2026-01-22T15:23:53.682Z] Target User Org: 68e5f79b259e85b3fa899302
[2026-01-22T15:23:53.726Z] Cache invalidated for /admin/allusers, /admin/dashboard, /admin/singleUser/6972401c0bd9e910655063d4
[2026-01-22T15:23:53.726Z] User Deleted: 6972401c0bd9e910655063d4. Attendance removed: 0, TimeSheets removed: 0
[2026-01-22T15:24:11.608Z] Attempting to send mail to: dakshmiyaniofc@gmail.com
[2026-01-22T15:24:15.190Z] Message sent: <0d65703a-4f2f-decb-e373-cbe42d530743@gmail.com>
[2026-01-22T15:24:15.306Z] Attempting to send mail to: dakshmiyani9@gmail.com
[2026-01-22T15:24:18.770Z] Message sent: <830e181b-a516-8cdf-52dd-54e7e5242ee7@gmail.com>
[2026-01-22T15:27:34.737Z] MAILER LOADED. Config: User=dakshm.noreply@gmail.com
[2026-01-22T15:27:35.950Z] MAILER LOADED. Config: User=dakshm.noreply@gmail.com
[2026-01-22T15:34:12.074Z] Delete User Request: 6972411f0bd9e910655064f0 by Admin 68e5f79a259e85b3fa899300 (Org: 68e5f79b259e85b3fa899302)
[2026-01-22T15:34:12.076Z] Target User Org: 68e5f79b259e85b3fa899302
[2026-01-22T15:34:12.122Z] Cache invalidated for /admin/allusers, /admin/dashboard, /admin/singleUser/6972411f0bd9e910655064f0
[2026-01-22T15:34:12.122Z] User Deleted: 6972411f0bd9e910655064f0. Attendance removed: 0, TimeSheets removed: 0
[2026-01-22T15:34:17.299Z] Delete User Request: 6972411b0bd9e910655064ed by Admin 68e5f79a259e85b3fa899300 (Org: 68e5f79b259e85b3fa899302)
[2026-01-22T15:34:17.299Z] Target User Org: 68e5f79b259e85b3fa899302
[2026-01-22T15:34:17.343Z] Cache invalidated for /admin/allusers, /admin/dashboard, /admin/singleUser/6972411b0bd9e910655064ed
[2026-01-22T15:34:17.344Z] User Deleted: 6972411b0bd9e910655064ed. Attendance removed: 0, TimeSheets removed: 0
[2026-01-22T15:34:28.410Z] Attempting to send mail to: dakshmiyaniofc@gmail.com
[2026-01-22T15:34:33.317Z] Message sent: <76148618-b0c8-0bb7-2299-1bdcd93a032c@gmail.com>
[2026-01-22T15:34:33.435Z] Attempting to send mail to: dakshmiyani9@gmail.com
[2026-01-22T15:34:36.635Z] Message sent: <dfe0629c-3fca-01cc-20ce-f8c1118bd14d@gmail.com>
[2026-01-22T15:40:11.892Z] MAILER LOADED. Config: User=dakshm.noreply@gmail.com
